<?xml version="1.0" encoding="UTF-8"?>
<!-- Generated by org.testng.reporters.JUnitReportReporter -->
<testsuite hostname="DESKTOP-8J78PJ9" name="Divya.MavenDemo.Calculator" tests="1" failures="0" timestamp="18 Mar 2019 03:09:32 GMT" time="3.974" errors="0">
  <testcase name="testCal" time="3.974" classname="Divya.MavenDemo.Calculator"/>
</testsuite> <!-- Divya.MavenDemo.Calculator -->
